

 SAP2000 v16.0.0 Plus (Analysis Build 9138/32)
 File: E:\1_Yayýnlar Guncel\1_...frekans\fx_fr\Barrel\Rmin_Rmax_.4\32\sap\32.LOG




 B E G I N   A N A L Y S I S                                2018/04/21  12:14:06


 RUNNING ANALYSIS WITHIN THE GUI PROCESS
 USING THE ADVANCED SOLVER (PROVIDES LIMITED INSTABILITY INFORMATION)

 NUMBER OF JOINTS                          =          33
    WITH RESTRAINTS                        =           1
 NUMBER OF FRAME/CABLE/TENDON ELEMENTS     =          32
 NUMBER OF LOAD PATTERNS                   =           3
 NUMBER OF ACCELERATION LOADS              =           6
 NUMBER OF LOAD CASES                      =           1


 E L E M E N T   F O R M A T I O N                                      12:14:06



 L I N E A R   E Q U A T I O N   S O L U T I O N                        12:14:06

 FORMING STIFFNESS AT ZERO (UNSTRESSED) INITIAL CONDITIONS

 TOTAL NUMBER OF EQUILIBRIUM EQUATIONS     =         192
 NUMBER OF NON-ZERO STIFFNESS TERMS        =        1788

 NUMBER OF EIGENVALUES BELOW SHIFT         =           0


 E I G E N   M O D A L   A N A L Y S I S                                12:14:06

 CASE: MODAL

 USING STIFFNESS AT ZERO (UNSTRESSED) INITIAL CONDITIONS

 NUMBER OF STIFFNESS DEGREES OF FREEDOM    =         192
 NUMBER OF MASS DEGREES OF FREEDOM         =          96
 MAXIMUM NUMBER OF EIGEN MODES SOUGHT      =          12
 MINIMUM NUMBER OF EIGEN MODES SOUGHT      =           1
 NUMBER OF RESIDUAL-MASS MODES SOUGHT      =           0
 NUMBER OF SUBSPACE VECTORS USED           =          24
 RELATIVE CONVERGENCE TOLERANCE            =    1.00E-09

 FREQUENCY SHIFT  (CENTER) (CYC/TIME)      =     .000000
 FREQUENCY CUTOFF (RADIUS) (CYC/TIME)      =  -INFINITY-
 ALLOW AUTOMATIC FREQUENCY SHIFTING        =         YES


 Original stiffness at shift : EV= 0.0000000E+00, f=     .000000, T=  -INFINITY-
 Number of eigenvalues below shift =      0
 Found mode      1 of     12:  EV= 2.9849599E+05, f=   86.953964, T=    0.011500
 Found mode      2 of     12:  EV= 3.0084628E+05, f=   87.295619, T=    0.011455
 Found mode      3 of     12:  EV= 9.4646206E+05, f=  154.835926, T=    0.006458
 Found mode      4 of     12:  EV= 1.1111675E+06, f=  167.768294, T=    0.005961
 Found mode      5 of     12:  EV= 4.7888457E+06, f=  348.285628, T=    0.002871
 Found mode      6 of     12:  EV= 4.7934619E+06, f=  348.453451, T=    0.002870
 Found mode      7 of     12:  EV= 7.5373411E+06, f=  436.947458, T=    0.002289
 Found mode      8 of     12:  EV= 9.1957669E+06, f=  482.629771, T=    0.002072
 Found mode      9 of     12:  EV= 1.3406150E+07, f=  582.736421, T=    0.001716
 Found mode     10 of     12:  EV= 1.6234511E+07, f=  641.268253, T=    0.001559
 Found mode     11 of     12:  EV= 1.8106401E+07, f=  677.230026, T=    0.001477
 Found mode     12 of     12:  EV= 2.0138598E+07, f=  714.224506, T=    0.001400

 NUMBER OF EIGEN MODES FOUND               =          12
 NUMBER OF ITERATIONS PERFORMED            =           5
 NUMBER OF STIFFNESS SHIFTS                =           0


 A N A L Y S I S   C O M P L E T E                          2018/04/21  12:14:06
