

 SAP2000 v16.0.0 Plus (Analysis Build 9138/32)
 File: E:\1_Yayýnlar Guncel\1_...frekans\fx_fr\Barrel\Rmin_Rmax_.6\16\sap\16.LOG




 B E G I N   A N A L Y S I S                                2018/04/21  12:27:00


 RUNNING ANALYSIS WITHIN THE GUI PROCESS
 USING THE ADVANCED SOLVER (PROVIDES LIMITED INSTABILITY INFORMATION)

 NUMBER OF JOINTS                          =          17
    WITH RESTRAINTS                        =           1
 NUMBER OF FRAME/CABLE/TENDON ELEMENTS     =          16
 NUMBER OF LOAD PATTERNS                   =           3
 NUMBER OF ACCELERATION LOADS              =           6
 NUMBER OF LOAD CASES                      =           1


 E L E M E N T   F O R M A T I O N                                      12:27:00



 L I N E A R   E Q U A T I O N   S O L U T I O N                        12:27:00

 FORMING STIFFNESS AT ZERO (UNSTRESSED) INITIAL CONDITIONS

 TOTAL NUMBER OF EQUILIBRIUM EQUATIONS     =          96
 NUMBER OF NON-ZERO STIFFNESS TERMS        =         876

 NUMBER OF EIGENVALUES BELOW SHIFT         =           0


 E I G E N   M O D A L   A N A L Y S I S                                12:27:00

 CASE: MODAL

 USING STIFFNESS AT ZERO (UNSTRESSED) INITIAL CONDITIONS

 NUMBER OF STIFFNESS DEGREES OF FREEDOM    =          96
 NUMBER OF MASS DEGREES OF FREEDOM         =          48
 MAXIMUM NUMBER OF EIGEN MODES SOUGHT      =          12
 MINIMUM NUMBER OF EIGEN MODES SOUGHT      =           1
 NUMBER OF RESIDUAL-MASS MODES SOUGHT      =           0
 NUMBER OF SUBSPACE VECTORS USED           =          24
 RELATIVE CONVERGENCE TOLERANCE            =    1.00E-09

 FREQUENCY SHIFT  (CENTER) (CYC/TIME)      =     .000000
 FREQUENCY CUTOFF (RADIUS) (CYC/TIME)      =  -INFINITY-
 ALLOW AUTOMATIC FREQUENCY SHIFTING        =         YES


 Original stiffness at shift : EV= 0.0000000E+00, f=     .000000, T=  -INFINITY-
 Number of eigenvalues below shift =      0
 Found mode      1 of     12:  EV= 3.0103631E+05, f=   87.323186, T=    0.011452
 Found mode      2 of     12:  EV= 3.0639666E+05, f=   88.097207, T=    0.011351
 Found mode      3 of     12:  EV= 1.0227603E+06, f=  160.955956, T=    0.006213
 Found mode      4 of     12:  EV= 1.2713784E+06, f=  179.455819, T=    0.005572
 Found mode      5 of     12:  EV= 4.8876186E+06, f=  351.859098, T=    0.002842
 Found mode      6 of     12:  EV= 4.9157936E+06, f=  352.871799, T=    0.002834
 Found mode      7 of     12:  EV= 8.4811996E+06, f=  463.498971, T=    0.002158
 Found mode      8 of     12:  EV= 1.0267601E+07, f=  509.981743, T=    0.001961
 Found mode      9 of     12:  EV= 1.6048563E+07, f=  637.585169, T=    0.001568
 Found mode     10 of     12:  EV= 1.6999168E+07, f=  656.196583, T=    0.001524
 Found mode     11 of     12:  EV= 1.9873405E+07, f=  709.506334, T=    0.001409
 Found mode     12 of     12:  EV= 2.2013146E+07, f=  746.725849, T=    0.001339

 NUMBER OF EIGEN MODES FOUND               =          12
 NUMBER OF ITERATIONS PERFORMED            =           6
 NUMBER OF STIFFNESS SHIFTS                =           0


 A N A L Y S I S   C O M P L E T E                          2018/04/21  12:27:00
