

 SAP2000 v16.0.0 Plus (Analysis Build 9138/32)
 File: E:\1_Yayýnlar Guncel\1_...frekans\fx_fr\Barrel\Rmin_Rmax_.6\32\sap\32.LOG




 B E G I N   A N A L Y S I S                                2018/04/21  12:27:42


 RUNNING ANALYSIS WITHIN THE GUI PROCESS
 USING THE ADVANCED SOLVER (PROVIDES LIMITED INSTABILITY INFORMATION)

 NUMBER OF JOINTS                          =          33
    WITH RESTRAINTS                        =           1
 NUMBER OF FRAME/CABLE/TENDON ELEMENTS     =          32
 NUMBER OF LOAD PATTERNS                   =           3
 NUMBER OF ACCELERATION LOADS              =           6
 NUMBER OF LOAD CASES                      =           1


 E L E M E N T   F O R M A T I O N                                      12:27:42



 L I N E A R   E Q U A T I O N   S O L U T I O N                        12:27:42

 FORMING STIFFNESS AT ZERO (UNSTRESSED) INITIAL CONDITIONS

 TOTAL NUMBER OF EQUILIBRIUM EQUATIONS     =         192
 NUMBER OF NON-ZERO STIFFNESS TERMS        =        1788

 NUMBER OF EIGENVALUES BELOW SHIFT         =           0


 E I G E N   M O D A L   A N A L Y S I S                                12:27:42

 CASE: MODAL

 USING STIFFNESS AT ZERO (UNSTRESSED) INITIAL CONDITIONS

 NUMBER OF STIFFNESS DEGREES OF FREEDOM    =         192
 NUMBER OF MASS DEGREES OF FREEDOM         =          96
 MAXIMUM NUMBER OF EIGEN MODES SOUGHT      =          12
 MINIMUM NUMBER OF EIGEN MODES SOUGHT      =           1
 NUMBER OF RESIDUAL-MASS MODES SOUGHT      =           0
 NUMBER OF SUBSPACE VECTORS USED           =          24
 RELATIVE CONVERGENCE TOLERANCE            =    1.00E-09

 FREQUENCY SHIFT  (CENTER) (CYC/TIME)      =     .000000
 FREQUENCY CUTOFF (RADIUS) (CYC/TIME)      =  -INFINITY-
 ALLOW AUTOMATIC FREQUENCY SHIFTING        =         YES


 Original stiffness at shift : EV= 0.0000000E+00, f=     .000000, T=  -INFINITY-
 Number of eigenvalues below shift =      0
 Found mode      1 of     12:  EV= 2.5115458E+05, f=   79.761017, T=    0.012537
 Found mode      2 of     12:  EV= 2.5329643E+05, f=   80.100396, T=    0.012484
 Found mode      3 of     12:  EV= 7.5674935E+05, f=  138.451020, T=    0.007223
 Found mode      4 of     12:  EV= 8.8645218E+05, f=  149.846909, T=    0.006673
 Found mode      5 of     12:  EV= 3.7541144E+06, f=  308.371250, T=    0.003243
 Found mode      6 of     12:  EV= 3.8113606E+06, f=  310.713519, T=    0.003218
 Found mode      7 of     12:  EV= 6.1450015E+06, f=  394.530995, T=    0.002535
 Found mode      8 of     12:  EV= 7.3714694E+06, f=  432.112835, T=    0.002314
 Found mode      9 of     12:  EV= 1.1661274E+07, f=  543.491979, T=    0.001840
 Found mode     10 of     12:  EV= 1.2628612E+07, f=  565.585078, T=    0.001768
 Found mode     11 of     12:  EV= 1.4917633E+07, f=  614.709732, T=    0.001627
 Found mode     12 of     12:  EV= 1.5667490E+07, f=  629.969963, T=    0.001587

 NUMBER OF EIGEN MODES FOUND               =          12
 NUMBER OF ITERATIONS PERFORMED            =           5
 NUMBER OF STIFFNESS SHIFTS                =           0


 A N A L Y S I S   C O M P L E T E                          2018/04/21  12:27:42
