

 SAP2000 v16.0.0 Plus (Analysis Build 9138/32)
 File: E:\1_Yayýnlar Guncel\1_...frekans\fx_fr\Barrel\Rmin_Rmax_.4\16\sap\16.LOG




 B E G I N   A N A L Y S I S                                2018/04/21  12:13:18


 RUNNING ANALYSIS WITHIN THE GUI PROCESS
 USING THE ADVANCED SOLVER (PROVIDES LIMITED INSTABILITY INFORMATION)

 NUMBER OF JOINTS                          =          17
    WITH RESTRAINTS                        =           1
 NUMBER OF FRAME/CABLE/TENDON ELEMENTS     =          16
 NUMBER OF LOAD PATTERNS                   =           3
 NUMBER OF ACCELERATION LOADS              =           6
 NUMBER OF LOAD CASES                      =           1


 E L E M E N T   F O R M A T I O N                                      12:13:18



 L I N E A R   E Q U A T I O N   S O L U T I O N                        12:13:18

 FORMING STIFFNESS AT ZERO (UNSTRESSED) INITIAL CONDITIONS

 TOTAL NUMBER OF EQUILIBRIUM EQUATIONS     =          96
 NUMBER OF NON-ZERO STIFFNESS TERMS        =         876

 NUMBER OF EIGENVALUES BELOW SHIFT         =           0


 E I G E N   M O D A L   A N A L Y S I S                                12:13:18

 CASE: MODAL

 USING STIFFNESS AT ZERO (UNSTRESSED) INITIAL CONDITIONS

 NUMBER OF STIFFNESS DEGREES OF FREEDOM    =          96
 NUMBER OF MASS DEGREES OF FREEDOM         =          48
 MAXIMUM NUMBER OF EIGEN MODES SOUGHT      =          12
 MINIMUM NUMBER OF EIGEN MODES SOUGHT      =           1
 NUMBER OF RESIDUAL-MASS MODES SOUGHT      =           0
 NUMBER OF SUBSPACE VECTORS USED           =          24
 RELATIVE CONVERGENCE TOLERANCE            =    1.00E-09

 FREQUENCY SHIFT  (CENTER) (CYC/TIME)      =     .000000
 FREQUENCY CUTOFF (RADIUS) (CYC/TIME)      =  -INFINITY-
 ALLOW AUTOMATIC FREQUENCY SHIFTING        =         YES


 Original stiffness at shift : EV= 0.0000000E+00, f=     .000000, T=  -INFINITY-
 Number of eigenvalues below shift =      0
 Found mode      1 of     12:  EV= 3.5856569E+05, f=   95.302545, T=    0.010493
 Found mode      2 of     12:  EV= 3.6345086E+05, f=   95.949559, T=    0.010422
 Found mode      3 of     12:  EV= 1.2831990E+06, f=  180.288133, T=    0.005547
 Found mode      4 of     12:  EV= 1.5977610E+06, f=  201.175942, T=    0.004971
 Found mode      5 of     12:  EV= 6.1691401E+06, f=  395.305127, T=    0.002530
 Found mode      6 of     12:  EV= 6.2165463E+06, f=  396.821065, T=    0.002520
 Found mode      7 of     12:  EV= 1.0480297E+07, f=  515.236862, T=    0.001941
 Found mode      8 of     12:  EV= 1.2742316E+07, f=  568.125535, T=    0.001760
 Found mode      9 of     12:  EV= 1.8438822E+07, f=  683.418484, T=    0.001463
 Found mode     10 of     12:  EV= 2.1936461E+07, f=  745.424075, T=    0.001342
 Found mode     11 of     12:  EV= 2.4944404E+07, f=  794.889393, T=    0.001258
 Found mode     12 of     12:  EV= 2.8587350E+07, f=  850.955947, T=    0.001175

 NUMBER OF EIGEN MODES FOUND               =          12
 NUMBER OF ITERATIONS PERFORMED            =           6
 NUMBER OF STIFFNESS SHIFTS                =           0


 A N A L Y S I S   C O M P L E T E                          2018/04/21  12:13:19
