

 SAP2000 v16.0.0 Plus (Analysis Build 9138/32)
 File: E:\1_Yayýnlar Guncel\1_...ekans\fx_fr\Barrel\Rmin_Rmax_.4\240\sap\240.LOG




 B E G I N   A N A L Y S I S                                2018/04/21  12:25:56


 RUNNING ANALYSIS WITHIN THE GUI PROCESS
 USING THE ADVANCED SOLVER (PROVIDES LIMITED INSTABILITY INFORMATION)

 NUMBER OF JOINTS                          =         241
    WITH RESTRAINTS                        =           1
 NUMBER OF FRAME/CABLE/TENDON ELEMENTS     =         240
 NUMBER OF LOAD PATTERNS                   =           3
 NUMBER OF ACCELERATION LOADS              =           6
 NUMBER OF LOAD CASES                      =           1


 E L E M E N T   F O R M A T I O N                                      12:25:56



 L I N E A R   E Q U A T I O N   S O L U T I O N                        12:25:56

 FORMING STIFFNESS AT ZERO (UNSTRESSED) INITIAL CONDITIONS

 TOTAL NUMBER OF EQUILIBRIUM EQUATIONS     =        1440
 NUMBER OF NON-ZERO STIFFNESS TERMS        =       13644

 NUMBER OF EIGENVALUES BELOW SHIFT         =           0


 E I G E N   M O D A L   A N A L Y S I S                                12:25:57

 CASE: MODAL

 USING STIFFNESS AT ZERO (UNSTRESSED) INITIAL CONDITIONS

 NUMBER OF STIFFNESS DEGREES OF FREEDOM    =        1440
 NUMBER OF MASS DEGREES OF FREEDOM         =         720
 MAXIMUM NUMBER OF EIGEN MODES SOUGHT      =          12
 MINIMUM NUMBER OF EIGEN MODES SOUGHT      =           1
 NUMBER OF RESIDUAL-MASS MODES SOUGHT      =           0
 NUMBER OF SUBSPACE VECTORS USED           =          24
 RELATIVE CONVERGENCE TOLERANCE            =    1.00E-09

 FREQUENCY SHIFT  (CENTER) (CYC/TIME)      =     .000000
 FREQUENCY CUTOFF (RADIUS) (CYC/TIME)      =  -INFINITY-
 ALLOW AUTOMATIC FREQUENCY SHIFTING        =         YES


 Original stiffness at shift : EV= 0.0000000E+00, f=     .000000, T=  -INFINITY-
 Number of eigenvalues below shift =      0
 Found mode      1 of     12:  EV= 2.8069768E+05, f=   84.321737, T=    0.011859
 Found mode      2 of     12:  EV= 2.8252237E+05, f=   84.595362, T=    0.011821
 Found mode      3 of     12:  EV= 8.0712905E+05, f=  142.985376, T=    0.006994
 Found mode      4 of     12:  EV= 1.0494369E+06, f=  163.041554, T=    0.006133
 Found mode      5 of     12:  EV= 4.3808152E+06, f=  333.117616, T=    0.003002
 Found mode      6 of     12:  EV= 4.3922683E+06, f=  333.552777, T=    0.002998
 Found mode      7 of     12:  EV= 6.5334333E+06, f=  406.809291, T=    0.002458
 Found mode      8 of     12:  EV= 8.5548749E+06, f=  465.507800, T=    0.002148
 Found mode      9 of     12:  EV= 1.1982973E+07, f=  550.937620, T=    0.001815
 Found mode     10 of     12:  EV= 1.4639611E+07, f=  608.954585, T=    0.001642
 Found mode     11 of     12:  EV= 1.6265604E+07, f=  641.882050, T=    0.001558
 Found mode     12 of     12:  EV= 1.7868532E+07, f=  672.766830, T=    0.001486

 NUMBER OF EIGEN MODES FOUND               =          12
 NUMBER OF ITERATIONS PERFORMED            =           5
 NUMBER OF STIFFNESS SHIFTS                =           0


 A N A L Y S I S   C O M P L E T E                          2018/04/21  12:25:57
